E:\0.RiProject\AngularProductManagement\Documents\NgDataCrud_AspNet5_Ng8_Cli\NgDataCrud_AspNet5_Cli\SM.NgDataCrud.Web\wwwroot\ClientApp\dist\out-tsc\app\NgExDialog\dialog-config.js
E:\0.RiProject\AngularProductManagement\Documents\NgDataCrud_AspNet5_Ng8_Cli\NgDataCrud_AspNet5_Cli\SM.NgDataCrud.Web\wwwroot\ClientApp\dist\out-tsc\app\NgExDialog\dialog-config.js.map
E:\0.RiProject\AngularProductManagement\Documents\NgDataCrud_AspNet5_Ng8_Cli\NgDataCrud_AspNet5_Cli\SM.NgDataCrud.Web\wwwroot\ClientApp\dist\out-tsc\app\NgExDialog\alignment.directive.js
E:\0.RiProject\AngularProductManagement\Documents\NgDataCrud_AspNet5_Ng8_Cli\NgDataCrud_AspNet5_Cli\SM.NgDataCrud.Web\wwwroot\ClientApp\dist\out-tsc\app\NgExDialog\alignment.directive.js.map
E:\0.RiProject\AngularProductManagement\Documents\NgDataCrud_AspNet5_Ng8_Cli\NgDataCrud_AspNet5_Cli\SM.NgDataCrud.Web\wwwroot\ClientApp\dist\out-tsc\app\NgExDialog\dialog-main.component.js
E:\0.RiProject\AngularProductManagement\Documents\NgDataCrud_AspNet5_Ng8_Cli\NgDataCrud_AspNet5_Cli\SM.NgDataCrud.Web\wwwroot\ClientApp\dist\out-tsc\app\NgExDialog\dialog-main.component.js.map
E:\0.RiProject\AngularProductManagement\Documents\NgDataCrud_AspNet5_Ng8_Cli\NgDataCrud_AspNet5_Cli\SM.NgDataCrud.Web\wwwroot\ClientApp\dist\out-tsc\app\NgExDialog\dialog.service.js
E:\0.RiProject\AngularProductManagement\Documents\NgDataCrud_AspNet5_Ng8_Cli\NgDataCrud_AspNet5_Cli\SM.NgDataCrud.Web\wwwroot\ClientApp\dist\out-tsc\app\NgExDialog\dialog.service.js.map
E:\0.RiProject\AngularProductManagement\Documents\NgDataCrud_AspNet5_Ng8_Cli\NgDataCrud_AspNet5_Cli\SM.NgDataCrud.Web\wwwroot\ClientApp\dist\out-tsc\app\NgExDialog\dialog.component.js
E:\0.RiProject\AngularProductManagement\Documents\NgDataCrud_AspNet5_Ng8_Cli\NgDataCrud_AspNet5_Cli\SM.NgDataCrud.Web\wwwroot\ClientApp\dist\out-tsc\app\NgExDialog\dialog.component.js.map
E:\0.RiProject\AngularProductManagement\Documents\NgDataCrud_AspNet5_Ng8_Cli\NgDataCrud_AspNet5_Cli\SM.NgDataCrud.Web\wwwroot\ClientApp\dist\out-tsc\app\NgExDialog\dialog-host.component.js
E:\0.RiProject\AngularProductManagement\Documents\NgDataCrud_AspNet5_Ng8_Cli\NgDataCrud_AspNet5_Cli\SM.NgDataCrud.Web\wwwroot\ClientApp\dist\out-tsc\app\NgExDialog\dialog-host.component.js.map
E:\0.RiProject\AngularProductManagement\Documents\NgDataCrud_AspNet5_Ng8_Cli\NgDataCrud_AspNet5_Cli\SM.NgDataCrud.Web\wwwroot\ClientApp\dist\out-tsc\app\NgExDialog\focus-blur.directive.js
E:\0.RiProject\AngularProductManagement\Documents\NgDataCrud_AspNet5_Ng8_Cli\NgDataCrud_AspNet5_Cli\SM.NgDataCrud.Web\wwwroot\ClientApp\dist\out-tsc\app\NgExDialog\focus-blur.directive.js.map
E:\0.RiProject\AngularProductManagement\Documents\NgDataCrud_AspNet5_Ng8_Cli\NgDataCrud_AspNet5_Cli\SM.NgDataCrud.Web\wwwroot\ClientApp\dist\out-tsc\app\NgExDialog\basic-dialog.component.js
E:\0.RiProject\AngularProductManagement\Documents\NgDataCrud_AspNet5_Ng8_Cli\NgDataCrud_AspNet5_Cli\SM.NgDataCrud.Web\wwwroot\ClientApp\dist\out-tsc\app\NgExDialog\basic-dialog.component.js.map
E:\0.RiProject\AngularProductManagement\Documents\NgDataCrud_AspNet5_Ng8_Cli\NgDataCrud_AspNet5_Cli\SM.NgDataCrud.Web\wwwroot\ClientApp\dist\out-tsc\app\NgExDialog\ex-dialog.service.js
E:\0.RiProject\AngularProductManagement\Documents\NgDataCrud_AspNet5_Ng8_Cli\NgDataCrud_AspNet5_Cli\SM.NgDataCrud.Web\wwwroot\ClientApp\dist\out-tsc\app\NgExDialog\ex-dialog.service.js.map
E:\0.RiProject\AngularProductManagement\Documents\NgDataCrud_AspNet5_Ng8_Cli\NgDataCrud_AspNet5_Cli\SM.NgDataCrud.Web\wwwroot\ClientApp\dist\out-tsc\app\NgExDialog\dialog-cache.js
E:\0.RiProject\AngularProductManagement\Documents\NgDataCrud_AspNet5_Ng8_Cli\NgDataCrud_AspNet5_Cli\SM.NgDataCrud.Web\wwwroot\ClientApp\dist\out-tsc\app\NgExDialog\dialog-cache.js.map
E:\0.RiProject\AngularProductManagement\Documents\NgDataCrud_AspNet5_Ng8_Cli\NgDataCrud_AspNet5_Cli\SM.NgDataCrud.Web\wwwroot\ClientApp\dist\out-tsc\app\NgExDialog\draggable.directive.js
E:\0.RiProject\AngularProductManagement\Documents\NgDataCrud_AspNet5_Ng8_Cli\NgDataCrud_AspNet5_Cli\SM.NgDataCrud.Web\wwwroot\ClientApp\dist\out-tsc\app\NgExDialog\draggable.directive.js.map
E:\0.RiProject\AngularProductManagement\Documents\NgDataCrud_AspNet5_Ng8_Cli\NgDataCrud_AspNet5_Cli\SM.NgDataCrud.Web\wwwroot\ClientApp\dist\out-tsc\app\NgExDialog\dialog-icon.directive.js
E:\0.RiProject\AngularProductManagement\Documents\NgDataCrud_AspNet5_Ng8_Cli\NgDataCrud_AspNet5_Cli\SM.NgDataCrud.Web\wwwroot\ClientApp\dist\out-tsc\app\NgExDialog\dialog-icon.directive.js.map
E:\0.RiProject\AngularProductManagement\Documents\NgDataCrud_AspNet5_Ng8_Cli\NgDataCrud_AspNet5_Cli\SM.NgDataCrud.Web\wwwroot\ClientApp\dist\out-tsc\app\NgExDialog\dialog.module.js
E:\0.RiProject\AngularProductManagement\Documents\NgDataCrud_AspNet5_Ng8_Cli\NgDataCrud_AspNet5_Cli\SM.NgDataCrud.Web\wwwroot\ClientApp\dist\out-tsc\app\NgExDialog\dialog.module.js.map
E:\0.RiProject\AngularProductManagement\Documents\NgDataCrud_AspNet5_Ng8_Cli\NgDataCrud_AspNet5_Cli\SM.NgDataCrud.Web\wwwroot\ClientApp\dist\out-tsc\app\Services\globals.js
E:\0.RiProject\AngularProductManagement\Documents\NgDataCrud_AspNet5_Ng8_Cli\NgDataCrud_AspNet5_Cli\SM.NgDataCrud.Web\wwwroot\ClientApp\dist\out-tsc\app\Services\globals.js.map
E:\0.RiProject\AngularProductManagement\Documents\NgDataCrud_AspNet5_Ng8_Cli\NgDataCrud_AspNet5_Cli\SM.NgDataCrud.Web\wwwroot\ClientApp\dist\out-tsc\app\Services\dirty-warning.js
E:\0.RiProject\AngularProductManagement\Documents\NgDataCrud_AspNet5_Ng8_Cli\NgDataCrud_AspNet5_Cli\SM.NgDataCrud.Web\wwwroot\ClientApp\dist\out-tsc\app\Services\dirty-warning.js.map
E:\0.RiProject\AngularProductManagement\Documents\NgDataCrud_AspNet5_Ng8_Cli\NgDataCrud_AspNet5_Cli\SM.NgDataCrud.Web\wwwroot\ClientApp\dist\out-tsc\app\Services\http-data.service.js
E:\0.RiProject\AngularProductManagement\Documents\NgDataCrud_AspNet5_Ng8_Cli\NgDataCrud_AspNet5_Cli\SM.NgDataCrud.Web\wwwroot\ClientApp\dist\out-tsc\app\Services\http-data.service.js.map
E:\0.RiProject\AngularProductManagement\Documents\NgDataCrud_AspNet5_Ng8_Cli\NgDataCrud_AspNet5_Cli\SM.NgDataCrud.Web\wwwroot\ClientApp\dist\out-tsc\app\NgExTable\constants.js
E:\0.RiProject\AngularProductManagement\Documents\NgDataCrud_AspNet5_Ng8_Cli\NgDataCrud_AspNet5_Cli\SM.NgDataCrud.Web\wwwroot\ClientApp\dist\out-tsc\app\NgExTable\constants.js.map
E:\0.RiProject\AngularProductManagement\Documents\NgDataCrud_AspNet5_Ng8_Cli\NgDataCrud_AspNet5_Cli\SM.NgDataCrud.Web\wwwroot\ClientApp\dist\out-tsc\app\NgExTable\model-interface.js
E:\0.RiProject\AngularProductManagement\Documents\NgDataCrud_AspNet5_Ng8_Cli\NgDataCrud_AspNet5_Cli\SM.NgDataCrud.Web\wwwroot\ClientApp\dist\out-tsc\app\NgExTable\model-interface.js.map
E:\0.RiProject\AngularProductManagement\Documents\NgDataCrud_AspNet5_Ng8_Cli\NgDataCrud_AspNet5_Cli\SM.NgDataCrud.Web\wwwroot\ClientApp\dist\out-tsc\app\NgExTable\message-transfer.service.js
E:\0.RiProject\AngularProductManagement\Documents\NgDataCrud_AspNet5_Ng8_Cli\NgDataCrud_AspNet5_Cli\SM.NgDataCrud.Web\wwwroot\ClientApp\dist\out-tsc\app\NgExTable\message-transfer.service.js.map
E:\0.RiProject\AngularProductManagement\Documents\NgDataCrud_AspNet5_Ng8_Cli\NgDataCrud_AspNet5_Cli\SM.NgDataCrud.Web\wwwroot\ClientApp\dist\out-tsc\app\NgExTable\ngex-table.config.js
E:\0.RiProject\AngularProductManagement\Documents\NgDataCrud_AspNet5_Ng8_Cli\NgDataCrud_AspNet5_Cli\SM.NgDataCrud.Web\wwwroot\ClientApp\dist\out-tsc\app\NgExTable\ngex-table.config.js.map
E:\0.RiProject\AngularProductManagement\Documents\NgDataCrud_AspNet5_Ng8_Cli\NgDataCrud_AspNet5_Cli\SM.NgDataCrud.Web\wwwroot\ClientApp\dist\out-tsc\app\NgExTable\common-methods.js
E:\0.RiProject\AngularProductManagement\Documents\NgDataCrud_AspNet5_Ng8_Cli\NgDataCrud_AspNet5_Cli\SM.NgDataCrud.Web\wwwroot\ClientApp\dist\out-tsc\app\NgExTable\common-methods.js.map
E:\0.RiProject\AngularProductManagement\Documents\NgDataCrud_AspNet5_Ng8_Cli\NgDataCrud_AspNet5_Cli\SM.NgDataCrud.Web\wwwroot\ClientApp\dist\out-tsc\app\NgExTable\client-pagination.service.js
E:\0.RiProject\AngularProductManagement\Documents\NgDataCrud_AspNet5_Ng8_Cli\NgDataCrud_AspNet5_Cli\SM.NgDataCrud.Web\wwwroot\ClientApp\dist\out-tsc\app\NgExTable\client-pagination.service.js.map
E:\0.RiProject\AngularProductManagement\Documents\NgDataCrud_AspNet5_Ng8_Cli\NgDataCrud_AspNet5_Cli\SM.NgDataCrud.Web\wwwroot\ClientApp\dist\out-tsc\app\NgExTable\table-main.directive.js
E:\0.RiProject\AngularProductManagement\Documents\NgDataCrud_AspNet5_Ng8_Cli\NgDataCrud_AspNet5_Cli\SM.NgDataCrud.Web\wwwroot\ClientApp\dist\out-tsc\app\NgExTable\table-main.directive.js.map
E:\0.RiProject\AngularProductManagement\Documents\NgDataCrud_AspNet5_Ng8_Cli\NgDataCrud_AspNet5_Cli\SM.NgDataCrud.Web\wwwroot\ClientApp\dist\out-tsc\app\NgExTable\pagination.component.js
E:\0.RiProject\AngularProductManagement\Documents\NgDataCrud_AspNet5_Ng8_Cli\NgDataCrud_AspNet5_Cli\SM.NgDataCrud.Web\wwwroot\ClientApp\dist\out-tsc\app\NgExTable\pagination.component.js.map
E:\0.RiProject\AngularProductManagement\Documents\NgDataCrud_AspNet5_Ng8_Cli\NgDataCrud_AspNet5_Cli\SM.NgDataCrud.Web\wwwroot\ClientApp\dist\out-tsc\app\ngxMyDatePicker\interfaces\my-date.interface.js
E:\0.RiProject\AngularProductManagement\Documents\NgDataCrud_AspNet5_Ng8_Cli\NgDataCrud_AspNet5_Cli\SM.NgDataCrud.Web\wwwroot\ClientApp\dist\out-tsc\app\ngxMyDatePicker\interfaces\my-date.interface.js.map
E:\0.RiProject\AngularProductManagement\Documents\NgDataCrud_AspNet5_Ng8_Cli\NgDataCrud_AspNet5_Cli\SM.NgDataCrud.Web\wwwroot\ClientApp\dist\out-tsc\app\ngxMyDatePicker\interfaces\my-date-range.interface.js
E:\0.RiProject\AngularProductManagement\Documents\NgDataCrud_AspNet5_Ng8_Cli\NgDataCrud_AspNet5_Cli\SM.NgDataCrud.Web\wwwroot\ClientApp\dist\out-tsc\app\ngxMyDatePicker\interfaces\my-date-range.interface.js.map
E:\0.RiProject\AngularProductManagement\Documents\NgDataCrud_AspNet5_Ng8_Cli\NgDataCrud_AspNet5_Cli\SM.NgDataCrud.Web\wwwroot\ClientApp\dist\out-tsc\app\ngxMyDatePicker\interfaces\my-day-labels.interface.js
E:\0.RiProject\AngularProductManagement\Documents\NgDataCrud_AspNet5_Ng8_Cli\NgDataCrud_AspNet5_Cli\SM.NgDataCrud.Web\wwwroot\ClientApp\dist\out-tsc\app\ngxMyDatePicker\interfaces\my-day-labels.interface.js.map
E:\0.RiProject\AngularProductManagement\Documents\NgDataCrud_AspNet5_Ng8_Cli\NgDataCrud_AspNet5_Cli\SM.NgDataCrud.Web\wwwroot\ClientApp\dist\out-tsc\app\ngxMyDatePicker\interfaces\my-month-labels.interface.js
E:\0.RiProject\AngularProductManagement\Documents\NgDataCrud_AspNet5_Ng8_Cli\NgDataCrud_AspNet5_Cli\SM.NgDataCrud.Web\wwwroot\ClientApp\dist\out-tsc\app\ngxMyDatePicker\interfaces\my-month-labels.interface.js.map
E:\0.RiProject\AngularProductManagement\Documents\NgDataCrud_AspNet5_Ng8_Cli\NgDataCrud_AspNet5_Cli\SM.NgDataCrud.Web\wwwroot\ClientApp\dist\out-tsc\app\ngxMyDatePicker\interfaces\my-month.interface.js
E:\0.RiProject\AngularProductManagement\Documents\NgDataCrud_AspNet5_Ng8_Cli\NgDataCrud_AspNet5_Cli\SM.NgDataCrud.Web\wwwroot\ClientApp\dist\out-tsc\app\ngxMyDatePicker\interfaces\my-month.interface.js.map
E:\0.RiProject\AngularProductManagement\Documents\NgDataCrud_AspNet5_Ng8_Cli\NgDataCrud_AspNet5_Cli\SM.NgDataCrud.Web\wwwroot\ClientApp\dist\out-tsc\app\ngxMyDatePicker\interfaces\my-marked-date.interface.js
E:\0.RiProject\AngularProductManagement\Documents\NgDataCrud_AspNet5_Ng8_Cli\NgDataCrud_AspNet5_Cli\SM.NgDataCrud.Web\wwwroot\ClientApp\dist\out-tsc\app\ngxMyDatePicker\interfaces\my-marked-date.interface.js.map
E:\0.RiProject\AngularProductManagement\Documents\NgDataCrud_AspNet5_Ng8_Cli\NgDataCrud_AspNet5_Cli\SM.NgDataCrud.Web\wwwroot\ClientApp\dist\out-tsc\app\ngxMyDatePicker\interfaces\my-calendar-day.interface.js
E:\0.RiProject\AngularProductManagement\Documents\NgDataCrud_AspNet5_Ng8_Cli\NgDataCrud_AspNet5_Cli\SM.NgDataCrud.Web\wwwroot\ClientApp\dist\out-tsc\app\ngxMyDatePicker\interfaces\my-calendar-day.interface.js.map
E:\0.RiProject\AngularProductManagement\Documents\NgDataCrud_AspNet5_Ng8_Cli\NgDataCrud_AspNet5_Cli\SM.NgDataCrud.Web\wwwroot\ClientApp\dist\out-tsc\app\ngxMyDatePicker\interfaces\my-calendar-month.interface.js
E:\0.RiProject\AngularProductManagement\Documents\NgDataCrud_AspNet5_Ng8_Cli\NgDataCrud_AspNet5_Cli\SM.NgDataCrud.Web\wwwroot\ClientApp\dist\out-tsc\app\ngxMyDatePicker\interfaces\my-calendar-month.interface.js.map
E:\0.RiProject\AngularProductManagement\Documents\NgDataCrud_AspNet5_Ng8_Cli\NgDataCrud_AspNet5_Cli\SM.NgDataCrud.Web\wwwroot\ClientApp\dist\out-tsc\app\ngxMyDatePicker\interfaces\my-calendar-year.interface.js
E:\0.RiProject\AngularProductManagement\Documents\NgDataCrud_AspNet5_Ng8_Cli\NgDataCrud_AspNet5_Cli\SM.NgDataCrud.Web\wwwroot\ClientApp\dist\out-tsc\app\ngxMyDatePicker\interfaces\my-calendar-year.interface.js.map
E:\0.RiProject\AngularProductManagement\Documents\NgDataCrud_AspNet5_Ng8_Cli\NgDataCrud_AspNet5_Cli\SM.NgDataCrud.Web\wwwroot\ClientApp\dist\out-tsc\app\ngxMyDatePicker\interfaces\my-week.interface.js
E:\0.RiProject\AngularProductManagement\Documents\NgDataCrud_AspNet5_Ng8_Cli\NgDataCrud_AspNet5_Cli\SM.NgDataCrud.Web\wwwroot\ClientApp\dist\out-tsc\app\ngxMyDatePicker\interfaces\my-week.interface.js.map
E:\0.RiProject\AngularProductManagement\Documents\NgDataCrud_AspNet5_Ng8_Cli\NgDataCrud_AspNet5_Cli\SM.NgDataCrud.Web\wwwroot\ClientApp\dist\out-tsc\app\ngxMyDatePicker\interfaces\my-marked-dates.interface.js
E:\0.RiProject\AngularProductManagement\Documents\NgDataCrud_AspNet5_Ng8_Cli\NgDataCrud_AspNet5_Cli\SM.NgDataCrud.Web\wwwroot\ClientApp\dist\out-tsc\app\ngxMyDatePicker\interfaces\my-marked-dates.interface.js.map
E:\0.RiProject\AngularProductManagement\Documents\NgDataCrud_AspNet5_Ng8_Cli\NgDataCrud_AspNet5_Cli\SM.NgDataCrud.Web\wwwroot\ClientApp\dist\out-tsc\app\ngxMyDatePicker\interfaces\my-options.interface.js
E:\0.RiProject\AngularProductManagement\Documents\NgDataCrud_AspNet5_Ng8_Cli\NgDataCrud_AspNet5_Cli\SM.NgDataCrud.Web\wwwroot\ClientApp\dist\out-tsc\app\ngxMyDatePicker\interfaces\my-options.interface.js.map
E:\0.RiProject\AngularProductManagement\Documents\NgDataCrud_AspNet5_Ng8_Cli\NgDataCrud_AspNet5_Cli\SM.NgDataCrud.Web\wwwroot\ClientApp\dist\out-tsc\app\ngxMyDatePicker\interfaces\my-locale.interface.js
E:\0.RiProject\AngularProductManagement\Documents\NgDataCrud_AspNet5_Ng8_Cli\NgDataCrud_AspNet5_Cli\SM.NgDataCrud.Web\wwwroot\ClientApp\dist\out-tsc\app\ngxMyDatePicker\interfaces\my-locale.interface.js.map
E:\0.RiProject\AngularProductManagement\Documents\NgDataCrud_AspNet5_Ng8_Cli\NgDataCrud_AspNet5_Cli\SM.NgDataCrud.Web\wwwroot\ClientApp\dist\out-tsc\app\ngxMyDatePicker\interfaces\my-date-model.interface.js
E:\0.RiProject\AngularProductManagement\Documents\NgDataCrud_AspNet5_Ng8_Cli\NgDataCrud_AspNet5_Cli\SM.NgDataCrud.Web\wwwroot\ClientApp\dist\out-tsc\app\ngxMyDatePicker\interfaces\my-date-model.interface.js.map
E:\0.RiProject\AngularProductManagement\Documents\NgDataCrud_AspNet5_Ng8_Cli\NgDataCrud_AspNet5_Cli\SM.NgDataCrud.Web\wwwroot\ClientApp\dist\out-tsc\app\ngxMyDatePicker\interfaces\my-input-field-changed.interface.js
E:\0.RiProject\AngularProductManagement\Documents\NgDataCrud_AspNet5_Ng8_Cli\NgDataCrud_AspNet5_Cli\SM.NgDataCrud.Web\wwwroot\ClientApp\dist\out-tsc\app\ngxMyDatePicker\interfaces\my-input-field-changed.interface.js.map
E:\0.RiProject\AngularProductManagement\Documents\NgDataCrud_AspNet5_Ng8_Cli\NgDataCrud_AspNet5_Cli\SM.NgDataCrud.Web\wwwroot\ClientApp\dist\out-tsc\app\ngxMyDatePicker\interfaces\my-weekday.interface.js
E:\0.RiProject\AngularProductManagement\Documents\NgDataCrud_AspNet5_Ng8_Cli\NgDataCrud_AspNet5_Cli\SM.NgDataCrud.Web\wwwroot\ClientApp\dist\out-tsc\app\ngxMyDatePicker\interfaces\my-weekday.interface.js.map
E:\0.RiProject\AngularProductManagement\Documents\NgDataCrud_AspNet5_Ng8_Cli\NgDataCrud_AspNet5_Cli\SM.NgDataCrud.Web\wwwroot\ClientApp\dist\out-tsc\app\ngxMyDatePicker\interfaces\my-calendar-view-changed.interface.js
E:\0.RiProject\AngularProductManagement\Documents\NgDataCrud_AspNet5_Ng8_Cli\NgDataCrud_AspNet5_Cli\SM.NgDataCrud.Web\wwwroot\ClientApp\dist\out-tsc\app\ngxMyDatePicker\interfaces\my-calendar-view-changed.interface.js.map
E:\0.RiProject\AngularProductManagement\Documents\NgDataCrud_AspNet5_Ng8_Cli\NgDataCrud_AspNet5_Cli\SM.NgDataCrud.Web\wwwroot\ClientApp\dist\out-tsc\app\ngxMyDatePicker\interfaces\my-default-month.interface.js
E:\0.RiProject\AngularProductManagement\Documents\NgDataCrud_AspNet5_Ng8_Cli\NgDataCrud_AspNet5_Cli\SM.NgDataCrud.Web\wwwroot\ClientApp\dist\out-tsc\app\ngxMyDatePicker\interfaces\my-default-month.interface.js.map
E:\0.RiProject\AngularProductManagement\Documents\NgDataCrud_AspNet5_Ng8_Cli\NgDataCrud_AspNet5_Cli\SM.NgDataCrud.Web\wwwroot\ClientApp\dist\out-tsc\app\ngxMyDatePicker\interfaces\my-selector-pos.interface.js
E:\0.RiProject\AngularProductManagement\Documents\NgDataCrud_AspNet5_Ng8_Cli\NgDataCrud_AspNet5_Cli\SM.NgDataCrud.Web\wwwroot\ClientApp\dist\out-tsc\app\ngxMyDatePicker\interfaces\my-selector-pos.interface.js.map
E:\0.RiProject\AngularProductManagement\Documents\NgDataCrud_AspNet5_Ng8_Cli\NgDataCrud_AspNet5_Cli\SM.NgDataCrud.Web\wwwroot\ClientApp\dist\out-tsc\app\ngxMyDatePicker\interfaces\my-date-format.interface.js
E:\0.RiProject\AngularProductManagement\Documents\NgDataCrud_AspNet5_Ng8_Cli\NgDataCrud_AspNet5_Cli\SM.NgDataCrud.Web\wwwroot\ClientApp\dist\out-tsc\app\ngxMyDatePicker\interfaces\my-date-format.interface.js.map
E:\0.RiProject\AngularProductManagement\Documents\NgDataCrud_AspNet5_Ng8_Cli\NgDataCrud_AspNet5_Cli\SM.NgDataCrud.Web\wwwroot\ClientApp\dist\out-tsc\app\ngxMyDatePicker\interfaces\index.js
E:\0.RiProject\AngularProductManagement\Documents\NgDataCrud_AspNet5_Ng8_Cli\NgDataCrud_AspNet5_Cli\SM.NgDataCrud.Web\wwwroot\ClientApp\dist\out-tsc\app\ngxMyDatePicker\interfaces\index.js.map
E:\0.RiProject\AngularProductManagement\Documents\NgDataCrud_AspNet5_Ng8_Cli\NgDataCrud_AspNet5_Cli\SM.NgDataCrud.Web\wwwroot\ClientApp\dist\out-tsc\app\ngxMyDatePicker\services\ngx-my-date-picker.util.service.js
E:\0.RiProject\AngularProductManagement\Documents\NgDataCrud_AspNet5_Ng8_Cli\NgDataCrud_AspNet5_Cli\SM.NgDataCrud.Web\wwwroot\ClientApp\dist\out-tsc\app\ngxMyDatePicker\services\ngx-my-date-picker.util.service.js.map
E:\0.RiProject\AngularProductManagement\Documents\NgDataCrud_AspNet5_Ng8_Cli\NgDataCrud_AspNet5_Cli\SM.NgDataCrud.Web\wwwroot\ClientApp\dist\out-tsc\app\ngxMyDatePicker\enums\key-code.enum.js
E:\0.RiProject\AngularProductManagement\Documents\NgDataCrud_AspNet5_Ng8_Cli\NgDataCrud_AspNet5_Cli\SM.NgDataCrud.Web\wwwroot\ClientApp\dist\out-tsc\app\ngxMyDatePicker\enums\key-code.enum.js.map
E:\0.RiProject\AngularProductManagement\Documents\NgDataCrud_AspNet5_Ng8_Cli\NgDataCrud_AspNet5_Cli\SM.NgDataCrud.Web\wwwroot\ClientApp\dist\out-tsc\app\ngxMyDatePicker\enums\month-id.enum.js
E:\0.RiProject\AngularProductManagement\Documents\NgDataCrud_AspNet5_Ng8_Cli\NgDataCrud_AspNet5_Cli\SM.NgDataCrud.Web\wwwroot\ClientApp\dist\out-tsc\app\ngxMyDatePicker\enums\month-id.enum.js.map
E:\0.RiProject\AngularProductManagement\Documents\NgDataCrud_AspNet5_Ng8_Cli\NgDataCrud_AspNet5_Cli\SM.NgDataCrud.Web\wwwroot\ClientApp\dist\out-tsc\app\ngxMyDatePicker\ngx-my-date-picker.component.js
E:\0.RiProject\AngularProductManagement\Documents\NgDataCrud_AspNet5_Ng8_Cli\NgDataCrud_AspNet5_Cli\SM.NgDataCrud.Web\wwwroot\ClientApp\dist\out-tsc\app\ngxMyDatePicker\ngx-my-date-picker.component.js.map
E:\0.RiProject\AngularProductManagement\Documents\NgDataCrud_AspNet5_Ng8_Cli\NgDataCrud_AspNet5_Cli\SM.NgDataCrud.Web\wwwroot\ClientApp\dist\out-tsc\app\ngxMyDatePicker\enums\year.enum.js
E:\0.RiProject\AngularProductManagement\Documents\NgDataCrud_AspNet5_Ng8_Cli\NgDataCrud_AspNet5_Cli\SM.NgDataCrud.Web\wwwroot\ClientApp\dist\out-tsc\app\ngxMyDatePicker\enums\year.enum.js.map
E:\0.RiProject\AngularProductManagement\Documents\NgDataCrud_AspNet5_Ng8_Cli\NgDataCrud_AspNet5_Cli\SM.NgDataCrud.Web\wwwroot\ClientApp\dist\out-tsc\app\ngxMyDatePicker\services\ngx-my-date-picker.config.js
E:\0.RiProject\AngularProductManagement\Documents\NgDataCrud_AspNet5_Ng8_Cli\NgDataCrud_AspNet5_Cli\SM.NgDataCrud.Web\wwwroot\ClientApp\dist\out-tsc\app\ngxMyDatePicker\services\ngx-my-date-picker.config.js.map
E:\0.RiProject\AngularProductManagement\Documents\NgDataCrud_AspNet5_Ng8_Cli\NgDataCrud_AspNet5_Cli\SM.NgDataCrud.Web\wwwroot\ClientApp\dist\out-tsc\app\ngxMyDatePicker\enums\cal-toggle.enum.js
E:\0.RiProject\AngularProductManagement\Documents\NgDataCrud_AspNet5_Ng8_Cli\NgDataCrud_AspNet5_Cli\SM.NgDataCrud.Web\wwwroot\ClientApp\dist\out-tsc\app\ngxMyDatePicker\enums\cal-toggle.enum.js.map
E:\0.RiProject\AngularProductManagement\Documents\NgDataCrud_AspNet5_Ng8_Cli\NgDataCrud_AspNet5_Cli\SM.NgDataCrud.Web\wwwroot\ClientApp\dist\out-tsc\app\ngxMyDatePicker\ngx-my-date-picker.input.js
E:\0.RiProject\AngularProductManagement\Documents\NgDataCrud_AspNet5_Ng8_Cli\NgDataCrud_AspNet5_Cli\SM.NgDataCrud.Web\wwwroot\ClientApp\dist\out-tsc\app\ngxMyDatePicker\ngx-my-date-picker.input.js.map
E:\0.RiProject\AngularProductManagement\Documents\NgDataCrud_AspNet5_Ng8_Cli\NgDataCrud_AspNet5_Cli\SM.NgDataCrud.Web\wwwroot\ClientApp\dist\out-tsc\app\Services\app.config.js
E:\0.RiProject\AngularProductManagement\Documents\NgDataCrud_AspNet5_Ng8_Cli\NgDataCrud_AspNet5_Cli\SM.NgDataCrud.Web\wwwroot\ClientApp\dist\out-tsc\app\Services\app.config.js.map
E:\0.RiProject\AngularProductManagement\Documents\NgDataCrud_AspNet5_Ng8_Cli\NgDataCrud_AspNet5_Cli\SM.NgDataCrud.Web\wwwroot\ClientApp\dist\out-tsc\app\InputValidator\validator-common.js
E:\0.RiProject\AngularProductManagement\Documents\NgDataCrud_AspNet5_Ng8_Cli\NgDataCrud_AspNet5_Cli\SM.NgDataCrud.Web\wwwroot\ClientApp\dist\out-tsc\app\InputValidator\validator-common.js.map
E:\0.RiProject\AngularProductManagement\Documents\NgDataCrud_AspNet5_Ng8_Cli\NgDataCrud_AspNet5_Cli\SM.NgDataCrud.Web\wwwroot\ClientApp\dist\out-tsc\app\InputValidator\reactive-validator.js
E:\0.RiProject\AngularProductManagement\Documents\NgDataCrud_AspNet5_Ng8_Cli\NgDataCrud_AspNet5_Cli\SM.NgDataCrud.Web\wwwroot\ClientApp\dist\out-tsc\app\InputValidator\reactive-validator.js.map
E:\0.RiProject\AngularProductManagement\Documents\NgDataCrud_AspNet5_Ng8_Cli\NgDataCrud_AspNet5_Cli\SM.NgDataCrud.Web\wwwroot\ClientApp\dist\out-tsc\app\InputValidator\validate-error.component.js
E:\0.RiProject\AngularProductManagement\Documents\NgDataCrud_AspNet5_Ng8_Cli\NgDataCrud_AspNet5_Cli\SM.NgDataCrud.Web\wwwroot\ClientApp\dist\out-tsc\app\InputValidator\validate-error.component.js.map
E:\0.RiProject\AngularProductManagement\Documents\NgDataCrud_AspNet5_Ng8_Cli\NgDataCrud_AspNet5_Cli\SM.NgDataCrud.Web\wwwroot\ClientApp\dist\out-tsc\app\PageContents\product.component.js
E:\0.RiProject\AngularProductManagement\Documents\NgDataCrud_AspNet5_Ng8_Cli\NgDataCrud_AspNet5_Cli\SM.NgDataCrud.Web\wwwroot\ClientApp\dist\out-tsc\app\PageContents\product.component.js.map
E:\0.RiProject\AngularProductManagement\Documents\NgDataCrud_AspNet5_Ng8_Cli\NgDataCrud_AspNet5_Cli\SM.NgDataCrud.Web\wwwroot\ClientApp\dist\out-tsc\app\PageContents\product-list.component.js
E:\0.RiProject\AngularProductManagement\Documents\NgDataCrud_AspNet5_Ng8_Cli\NgDataCrud_AspNet5_Cli\SM.NgDataCrud.Web\wwwroot\ClientApp\dist\out-tsc\app\PageContents\product-list.component.js.map
E:\0.RiProject\AngularProductManagement\Documents\NgDataCrud_AspNet5_Ng8_Cli\NgDataCrud_AspNet5_Cli\SM.NgDataCrud.Web\wwwroot\ClientApp\dist\out-tsc\app\Services\local-data.js
E:\0.RiProject\AngularProductManagement\Documents\NgDataCrud_AspNet5_Ng8_Cli\NgDataCrud_AspNet5_Cli\SM.NgDataCrud.Web\wwwroot\ClientApp\dist\out-tsc\app\Services\local-data.js.map
E:\0.RiProject\AngularProductManagement\Documents\NgDataCrud_AspNet5_Ng8_Cli\NgDataCrud_AspNet5_Cli\SM.NgDataCrud.Web\wwwroot\ClientApp\dist\out-tsc\app\PageContents\contacts.component.js
E:\0.RiProject\AngularProductManagement\Documents\NgDataCrud_AspNet5_Ng8_Cli\NgDataCrud_AspNet5_Cli\SM.NgDataCrud.Web\wwwroot\ClientApp\dist\out-tsc\app\PageContents\contacts.component.js.map
E:\0.RiProject\AngularProductManagement\Documents\NgDataCrud_AspNet5_Ng8_Cli\NgDataCrud_AspNet5_Cli\SM.NgDataCrud.Web\wwwroot\ClientApp\dist\out-tsc\app\Home\app.routes.js
E:\0.RiProject\AngularProductManagement\Documents\NgDataCrud_AspNet5_Ng8_Cli\NgDataCrud_AspNet5_Cli\SM.NgDataCrud.Web\wwwroot\ClientApp\dist\out-tsc\app\Home\app.routes.js.map
E:\0.RiProject\AngularProductManagement\Documents\NgDataCrud_AspNet5_Ng8_Cli\NgDataCrud_AspNet5_Cli\SM.NgDataCrud.Web\wwwroot\ClientApp\dist\out-tsc\app\NgExTable\column-sorting.component.js
E:\0.RiProject\AngularProductManagement\Documents\NgDataCrud_AspNet5_Ng8_Cli\NgDataCrud_AspNet5_Cli\SM.NgDataCrud.Web\wwwroot\ClientApp\dist\out-tsc\app\NgExTable\column-sorting.component.js.map
E:\0.RiProject\AngularProductManagement\Documents\NgDataCrud_AspNet5_Ng8_Cli\NgDataCrud_AspNet5_Cli\SM.NgDataCrud.Web\wwwroot\ClientApp\dist\out-tsc\app\NgExTable\multi-sorting-command.component.js
E:\0.RiProject\AngularProductManagement\Documents\NgDataCrud_AspNet5_Ng8_Cli\NgDataCrud_AspNet5_Cli\SM.NgDataCrud.Web\wwwroot\ClientApp\dist\out-tsc\app\NgExTable\multi-sorting-command.component.js.map
E:\0.RiProject\AngularProductManagement\Documents\NgDataCrud_AspNet5_Ng8_Cli\NgDataCrud_AspNet5_Cli\SM.NgDataCrud.Web\wwwroot\ClientApp\dist\out-tsc\app\NgExTable\options.component.js
E:\0.RiProject\AngularProductManagement\Documents\NgDataCrud_AspNet5_Ng8_Cli\NgDataCrud_AspNet5_Cli\SM.NgDataCrud.Web\wwwroot\ClientApp\dist\out-tsc\app\NgExTable\options.component.js.map
E:\0.RiProject\AngularProductManagement\Documents\NgDataCrud_AspNet5_Ng8_Cli\NgDataCrud_AspNet5_Cli\SM.NgDataCrud.Web\wwwroot\ClientApp\dist\out-tsc\app\NgExTable\ngex-table-module.js
E:\0.RiProject\AngularProductManagement\Documents\NgDataCrud_AspNet5_Ng8_Cli\NgDataCrud_AspNet5_Cli\SM.NgDataCrud.Web\wwwroot\ClientApp\dist\out-tsc\app\NgExTable\ngex-table-module.js.map
E:\0.RiProject\AngularProductManagement\Documents\NgDataCrud_AspNet5_Ng8_Cli\NgDataCrud_AspNet5_Cli\SM.NgDataCrud.Web\wwwroot\ClientApp\dist\out-tsc\app\ngxMyDatePicker\directives\ngx-my-date-picker.focus.directive.js
E:\0.RiProject\AngularProductManagement\Documents\NgDataCrud_AspNet5_Ng8_Cli\NgDataCrud_AspNet5_Cli\SM.NgDataCrud.Web\wwwroot\ClientApp\dist\out-tsc\app\ngxMyDatePicker\directives\ngx-my-date-picker.focus.directive.js.map
E:\0.RiProject\AngularProductManagement\Documents\NgDataCrud_AspNet5_Ng8_Cli\NgDataCrud_AspNet5_Cli\SM.NgDataCrud.Web\wwwroot\ClientApp\dist\out-tsc\app\ngxMyDatePicker\ngx-my-date-picker.module.js
E:\0.RiProject\AngularProductManagement\Documents\NgDataCrud_AspNet5_Ng8_Cli\NgDataCrud_AspNet5_Cli\SM.NgDataCrud.Web\wwwroot\ClientApp\dist\out-tsc\app\ngxMyDatePicker\ngx-my-date-picker.module.js.map
E:\0.RiProject\AngularProductManagement\Documents\NgDataCrud_AspNet5_Ng8_Cli\NgDataCrud_AspNet5_Cli\SM.NgDataCrud.Web\wwwroot\ClientApp\dist\out-tsc\app\Services\message.service.js
E:\0.RiProject\AngularProductManagement\Documents\NgDataCrud_AspNet5_Ng8_Cli\NgDataCrud_AspNet5_Cli\SM.NgDataCrud.Web\wwwroot\ClientApp\dist\out-tsc\app\Services\message.service.js.map
E:\0.RiProject\AngularProductManagement\Documents\NgDataCrud_AspNet5_Ng8_Cli\NgDataCrud_AspNet5_Cli\SM.NgDataCrud.Web\wwwroot\ClientApp\dist\out-tsc\app\Services\http-client-intercetor.js
E:\0.RiProject\AngularProductManagement\Documents\NgDataCrud_AspNet5_Ng8_Cli\NgDataCrud_AspNet5_Cli\SM.NgDataCrud.Web\wwwroot\ClientApp\dist\out-tsc\app\Services\http-client-intercetor.js.map
E:\0.RiProject\AngularProductManagement\Documents\NgDataCrud_AspNet5_Ng8_Cli\NgDataCrud_AspNet5_Cli\SM.NgDataCrud.Web\wwwroot\ClientApp\dist\out-tsc\app\Home\side-menu.component.js
E:\0.RiProject\AngularProductManagement\Documents\NgDataCrud_AspNet5_Ng8_Cli\NgDataCrud_AspNet5_Cli\SM.NgDataCrud.Web\wwwroot\ClientApp\dist\out-tsc\app\Home\side-menu.component.js.map
E:\0.RiProject\AngularProductManagement\Documents\NgDataCrud_AspNet5_Ng8_Cli\NgDataCrud_AspNet5_Cli\SM.NgDataCrud.Web\wwwroot\ClientApp\dist\out-tsc\app\Home\app.component.js
E:\0.RiProject\AngularProductManagement\Documents\NgDataCrud_AspNet5_Ng8_Cli\NgDataCrud_AspNet5_Cli\SM.NgDataCrud.Web\wwwroot\ClientApp\dist\out-tsc\app\Home\app.component.js.map
E:\0.RiProject\AngularProductManagement\Documents\NgDataCrud_AspNet5_Ng8_Cli\NgDataCrud_AspNet5_Cli\SM.NgDataCrud.Web\wwwroot\ClientApp\dist\out-tsc\app\Home\ajax-loader.component.js
E:\0.RiProject\AngularProductManagement\Documents\NgDataCrud_AspNet5_Ng8_Cli\NgDataCrud_AspNet5_Cli\SM.NgDataCrud.Web\wwwroot\ClientApp\dist\out-tsc\app\Home\ajax-loader.component.js.map
E:\0.RiProject\AngularProductManagement\Documents\NgDataCrud_AspNet5_Ng8_Cli\NgDataCrud_AspNet5_Cli\SM.NgDataCrud.Web\wwwroot\ClientApp\dist\out-tsc\app\PageContents\search.component.js
E:\0.RiProject\AngularProductManagement\Documents\NgDataCrud_AspNet5_Ng8_Cli\NgDataCrud_AspNet5_Cli\SM.NgDataCrud.Web\wwwroot\ClientApp\dist\out-tsc\app\PageContents\search.component.js.map
E:\0.RiProject\AngularProductManagement\Documents\NgDataCrud_AspNet5_Ng8_Cli\NgDataCrud_AspNet5_Cli\SM.NgDataCrud.Web\wwwroot\ClientApp\dist\out-tsc\app\Home\app.module.js
E:\0.RiProject\AngularProductManagement\Documents\NgDataCrud_AspNet5_Ng8_Cli\NgDataCrud_AspNet5_Cli\SM.NgDataCrud.Web\wwwroot\ClientApp\dist\out-tsc\app\Home\app.module.js.map
E:\0.RiProject\AngularProductManagement\Documents\NgDataCrud_AspNet5_Ng8_Cli\NgDataCrud_AspNet5_Cli\SM.NgDataCrud.Web\wwwroot\ClientApp\dist\out-tsc\environments\environment.js
E:\0.RiProject\AngularProductManagement\Documents\NgDataCrud_AspNet5_Ng8_Cli\NgDataCrud_AspNet5_Cli\SM.NgDataCrud.Web\wwwroot\ClientApp\dist\out-tsc\environments\environment.js.map
E:\0.RiProject\AngularProductManagement\Documents\NgDataCrud_AspNet5_Ng8_Cli\NgDataCrud_AspNet5_Cli\SM.NgDataCrud.Web\wwwroot\ClientApp\dist\out-tsc\main.js
E:\0.RiProject\AngularProductManagement\Documents\NgDataCrud_AspNet5_Ng8_Cli\NgDataCrud_AspNet5_Cli\SM.NgDataCrud.Web\wwwroot\ClientApp\dist\out-tsc\main.js.map
E:\0.RiProject\AngularProductManagement\Documents\NgDataCrud_AspNet5_Ng8_Cli\NgDataCrud_AspNet5_Cli\SM.NgDataCrud.Web\wwwroot\ClientApp\dist\out-tsc\polyfills.js
E:\0.RiProject\AngularProductManagement\Documents\NgDataCrud_AspNet5_Ng8_Cli\NgDataCrud_AspNet5_Cli\SM.NgDataCrud.Web\wwwroot\ClientApp\dist\out-tsc\polyfills.js.map
E:\0.RiProject\AngularProductManagement\Documents\NgDataCrud_AspNet5_Ng8_Cli\NgDataCrud_AspNet5_Cli\SM.NgDataCrud.Web\wwwroot\ClientApp\dist\out-tsc\app\InputValidator\template-validator.directive.js
E:\0.RiProject\AngularProductManagement\Documents\NgDataCrud_AspNet5_Ng8_Cli\NgDataCrud_AspNet5_Cli\SM.NgDataCrud.Web\wwwroot\ClientApp\dist\out-tsc\app\InputValidator\template-validator.directive.js.map
E:\0.RiProject\AngularProductManagement\Documents\NgDataCrud_AspNet5_Ng8_Cli\NgDataCrud_AspNet5_Cli\SM.NgDataCrud.Web\wwwroot\ClientApp\dist\out-tsc\app\ngxMyDatePicker\enums\index.js
E:\0.RiProject\AngularProductManagement\Documents\NgDataCrud_AspNet5_Ng8_Cli\NgDataCrud_AspNet5_Cli\SM.NgDataCrud.Web\wwwroot\ClientApp\dist\out-tsc\app\ngxMyDatePicker\enums\index.js.map
E:\0.RiProject\AngularProductManagement\Documents\NgDataCrud_AspNet5_Ng8_Cli\NgDataCrud_AspNet5_Cli\SM.NgDataCrud.Web\wwwroot\ClientApp\dist\out-tsc\environments\environment.prod.js
E:\0.RiProject\AngularProductManagement\Documents\NgDataCrud_AspNet5_Ng8_Cli\NgDataCrud_AspNet5_Cli\SM.NgDataCrud.Web\wwwroot\ClientApp\dist\out-tsc\environments\environment.prod.js.map
